2025-11-02 10:47:19,774 - src.utils.logger - INFO - ⚠️ CNPJ não encontrado em dados/nfes/BANDFATELBT06_196012509567.xml - xml_processor.py - 41:
2025-11-02 10:47:20,255 - src.utils.logger - INFO - ⚠️ CNPJ não encontrado em dados/nfes/35251048534759000180570110000028511000285190.xml - xml_processor.py - 41:
2025-11-02 10:47:20,262 - src.utils.logger - INFO - ⚠️ CNPJ não encontrado em dados/nfes/BANDFATELBT08_292000035265.xml - xml_processor.py - 41:
2025-11-02 10:47:22,101 - src.utils.logger - WARNING - Produto vazio no JSON — pulando item. - web_scraper.py - 112:
2025-11-02 10:47:22,105 - src.utils.logger - INFO - Fallback Playwright para ESPACADOR 2,0MM - web_scraper.py - 175:
2025-11-02 10:47:36,582 - src.utils.logger - WARNING - Produto vazio no JSON — pulando item. - web_scraper.py - 112:
2025-11-02 10:47:37,959 - src.utils.logger - INFO - Cache salvo. - web_scraper.py - 30:
2025-11-02 10:52:08,984 - src.utils.logger - INFO - ⚠️ CNPJ não encontrado em dados/nfes/BANDFATELBT06_196012509567.xml - xml_processor.py - 41:
2025-11-02 10:52:09,425 - src.utils.logger - INFO - ⚠️ CNPJ não encontrado em dados/nfes/35251048534759000180570110000028511000285190.xml - xml_processor.py - 41:
2025-11-02 10:52:09,441 - src.utils.logger - INFO - ⚠️ CNPJ não encontrado em dados/nfes/BANDFATELBT08_292000035265.xml - xml_processor.py - 41:
2025-11-02 10:52:10,703 - src.utils.logger - WARNING - Produto vazio no JSON — pulando item. - web_scraper.py - 112:
2025-11-02 10:52:10,708 - src.utils.logger - INFO - Fallback Playwright para ESPACADOR 2,0MM - web_scraper.py - 175:
2025-11-02 10:52:15,758 - src.utils.logger - WARNING - Produto vazio no JSON — pulando item. - web_scraper.py - 112:
2025-11-02 10:52:17,107 - src.utils.logger - INFO - Cache salvo. - web_scraper.py - 30:
2025-11-02 10:58:55,927 - src.utils.logger - INFO - 🔹 Baixando anexos XML do e-mail… - email_handler.py - 18:
2025-11-02 10:59:40,897 - src.utils.logger - INFO - ⚠️ CNPJ não encontrado em dados/nfes/BANDFATELBT06_196012509567.xml - xml_processor.py - 41:
2025-11-02 10:59:41,688 - src.utils.logger - INFO - ⚠️ CNPJ não encontrado em dados/nfes/35251048534759000180570110000028511000285190.xml - xml_processor.py - 41:
2025-11-02 10:59:41,700 - src.utils.logger - INFO - ⚠️ CNPJ não encontrado em dados/nfes/BANDFATELBT08_292000035265.xml - xml_processor.py - 41:
2025-11-02 11:03:15,360 - src.utils.logger - INFO - 🔹 Baixando anexos XML do e-mail… - email_handler.py - 18:
2025-11-02 11:04:06,793 - src.utils.logger - INFO - ⚠️ CNPJ não encontrado em dados/nfes/BANDFATELBT06_196012509567.xml - xml_processor.py - 41:
2025-11-02 11:04:07,171 - src.utils.logger - INFO - ⚠️ CNPJ não encontrado em dados/nfes/35251048534759000180570110000028511000285190.xml - xml_processor.py - 41:
2025-11-02 11:04:07,187 - src.utils.logger - INFO - ⚠️ CNPJ não encontrado em dados/nfes/BANDFATELBT08_292000035265.xml - xml_processor.py - 41:
2025-11-02 11:04:09,059 - src.utils.logger - WARNING - Produto vazio no JSON — pulando item. - web_scraper.py - 112:
2025-11-02 11:04:09,062 - src.utils.logger - INFO - Fallback Playwright para ESPACADOR 2,0MM - web_scraper.py - 175:
2025-11-02 11:04:18,704 - src.utils.logger - WARNING - Produto vazio no JSON — pulando item. - web_scraper.py - 112:
2025-11-02 11:04:20,483 - src.utils.logger - INFO - Cache salvo. - web_scraper.py - 30:
2025-11-02 11:06:36,868 - src.utils.logger - INFO - 🔹 Baixando anexos XML do e-mail… - email_handler.py - 18:
2025-11-02 11:07:38,405 - src.utils.logger - INFO - ⚠️ CNPJ não encontrado em dados/nfes/BANDFATELBT06_196012509567.xml - xml_processor.py - 41:
2025-11-02 11:07:39,133 - src.utils.logger - INFO - ⚠️ CNPJ não encontrado em dados/nfes/35251048534759000180570110000028511000285190.xml - xml_processor.py - 41:
2025-11-02 11:07:39,142 - src.utils.logger - INFO - ⚠️ CNPJ não encontrado em dados/nfes/BANDFATELBT08_292000035265.xml - xml_processor.py - 41:
2025-11-02 11:07:43,424 - src.utils.logger - WARNING - Produto vazio no JSON — pulando item. - web_scraper.py - 112:
2025-11-02 11:07:43,429 - src.utils.logger - INFO - Fallback Playwright para ESPACADOR 2,0MM - web_scraper.py - 175:
2025-11-02 11:07:49,064 - src.utils.logger - WARNING - Produto vazio no JSON — pulando item. - web_scraper.py - 112:
2025-11-02 11:07:50,525 - src.utils.logger - INFO - Cache salvo. - web_scraper.py - 30:
2025-11-02 11:11:42,909 - src.utils.logger - INFO - 🔹 Baixando anexos XML do e-mail… - email_handler.py - 18:
2025-11-02 11:12:40,518 - src.utils.logger - INFO - ⚠️ CNPJ não encontrado em dados/nfes/BANDFATELBT06_196012509567.xml - xml_processor.py - 41:
2025-11-02 11:12:41,010 - src.utils.logger - INFO - ⚠️ CNPJ não encontrado em dados/nfes/35251048534759000180570110000028511000285190.xml - xml_processor.py - 41:
2025-11-02 11:12:41,018 - src.utils.logger - INFO - ⚠️ CNPJ não encontrado em dados/nfes/BANDFATELBT08_292000035265.xml - xml_processor.py - 41:
2025-11-02 11:12:43,691 - src.utils.logger - WARNING - Produto vazio no JSON — pulando item. - web_scraper.py - 112:
2025-11-02 11:12:43,694 - src.utils.logger - INFO - Fallback Playwright para ESPACADOR 2,0MM - web_scraper.py - 175:
2025-11-02 11:12:48,264 - src.utils.logger - WARNING - Produto vazio no JSON — pulando item. - web_scraper.py - 112:
2025-11-02 11:12:49,738 - src.utils.logger - INFO - Cache salvo. - web_scraper.py - 30:
2025-11-04 12:21:18,535 - src.utils.logger - INFO - 🔹 Baixando anexos XML do e-mail… - email_handler.py - 18:
2025-11-04 12:21:44,696 - src.utils.logger - INFO - Arquivo salvo: nfes/35251101637895026280550060001602181124345675-procNFe.xml - email_handler.py - 32:
2025-11-04 12:21:59,191 - src.utils.logger - INFO - ⚠️ CNPJ não encontrado em dados/nfes/BANDFATELBT06_196012509567.xml - xml_processor.py - 41:
2025-11-04 12:21:59,799 - src.utils.logger - INFO - ⚠️ CNPJ não encontrado em dados/nfes/35251048534759000180570110000028511000285190.xml - xml_processor.py - 41:
2025-11-04 12:21:59,894 - src.utils.logger - INFO - ⚠️ CNPJ não encontrado em dados/nfes/BANDFATELBT08_292000035265.xml - xml_processor.py - 41:
2025-11-04 12:22:01,217 - src.utils.logger - WARNING - Produto vazio no JSON — pulando item. - web_scraper.py - 112:
2025-11-04 12:22:01,220 - src.utils.logger - INFO - Fallback Playwright para ESPACADOR 2,0MM - web_scraper.py - 175:
2025-11-04 12:22:07,494 - src.utils.logger - WARNING - Produto vazio no JSON — pulando item. - web_scraper.py - 112:
2025-11-04 12:22:12,125 - src.utils.logger - INFO - Cache salvo. - web_scraper.py - 30:
2025-11-04 12:30:00,041 - src.utils.logger - INFO - 🔹 Baixando anexos XML do e-mail… - email_handler.py - 18:
2025-11-04 12:30:30,741 - src.utils.logger - INFO - ⚠️ CNPJ não encontrado em dados/nfes/BANDFATELBT06_196012509567.xml - xml_processor.py - 41:
2025-11-04 12:30:31,522 - src.utils.logger - INFO - ⚠️ CNPJ não encontrado em dados/nfes/35251048534759000180570110000028511000285190.xml - xml_processor.py - 41:
2025-11-04 12:30:31,637 - src.utils.logger - INFO - ⚠️ CNPJ não encontrado em dados/nfes/BANDFATELBT08_292000035265.xml - xml_processor.py - 41:
2025-11-04 12:30:34,355 - src.utils.logger - WARNING - Produto vazio no JSON — pulando item. - web_scraper.py - 112:
2025-11-04 12:30:34,367 - src.utils.logger - INFO - Fallback Playwright para ESPACADOR 2,0MM - web_scraper.py - 175:
2025-11-04 12:30:37,560 - src.utils.logger - WARNING - Produto vazio no JSON — pulando item. - web_scraper.py - 112:
2025-11-04 12:30:40,134 - src.utils.logger - INFO - Cache salvo. - web_scraper.py - 30:
2025-11-04 12:59:15,452 - src.utils.logger - INFO - 🔹 Baixando anexos XML do e-mail… - email_handler.py - 18:
2025-11-04 12:59:46,043 - src.utils.logger - INFO - ⚠️ CNPJ não encontrado em dados/nfes/BANDFATELBT06_196012509567.xml - xml_processor.py - 41:
2025-11-04 12:59:46,487 - src.utils.logger - INFO - ⚠️ CNPJ não encontrado em dados/nfes/35251048534759000180570110000028511000285190.xml - xml_processor.py - 41:
2025-11-04 12:59:46,570 - src.utils.logger - INFO - ⚠️ CNPJ não encontrado em dados/nfes/BANDFATELBT08_292000035265.xml - xml_processor.py - 41:
2025-11-04 12:59:49,643 - src.utils.logger - WARNING - Produto vazio no JSON — pulando item. - web_scraper.py - 112:
2025-11-04 12:59:49,652 - src.utils.logger - INFO - Fallback Playwright para ESPACADOR 2,0MM - web_scraper.py - 175:
2025-11-04 13:00:06,593 - src.utils.logger - WARNING - Produto vazio no JSON — pulando item. - web_scraper.py - 112:
2025-11-04 13:00:08,760 - src.utils.logger - INFO - Cache salvo. - web_scraper.py - 30:
